<?xml version="1.0" encoding="UTF-8"?>
<testsuite name="com.utn.biblioteca.services.PersonaServicioImplTest" tests="1" skipped="0" failures="0" errors="0" timestamp="2023-10-08T13:43:21" hostname="LAPTOP-7JH2IT60" time="0.009">
  <properties/>
  <testcase name="testBuscarPorNombreJPQL()" classname="com.utn.biblioteca.services.PersonaServicioImplTest" time="0.009"/>
  <system-out><![CDATA[2023-10-08T10:43:20.423-03:00  INFO 10900 --- [    Test worker] t.c.s.AnnotationConfigContextLoaderUtils : Could not detect default configuration classes for test class [com.utn.biblioteca.services.PersonaServicioImplTest]: PersonaServicioImplTest does not declare any static, non-private, non-final, nested classes annotated with @Configuration.
2023-10-08T10:43:20.450-03:00  INFO 10900 --- [    Test worker] .b.t.c.SpringBootTestContextBootstrapper : Found @SpringBootConfiguration com.utn.biblioteca.BibliotecaApplication for test class com.utn.biblioteca.services.PersonaServicioImplTest

  .   ____          _            __ _ _
 /\\ / ___'_ __ _ _(_)_ __  __ _ \ \ \ \
( ( )\___ | '_ | '_| | '_ \/ _` | \ \ \ \
 \\/  ___)| |_)| | | | | || (_| |  ) ) ) )
  '  |____| .__|_| |_|_| |_\__, | / / / /
 =========|_|==============|___/=/_/_/_/
 :: Spring Boot ::                (v3.1.4)

2023-10-08T10:43:20.509-03:00  INFO 10900 --- [    Test worker] c.u.b.services.PersonaServicioImplTest   : Starting PersonaServicioImplTest using Java 18.0.1.1 with PID 10900 (started by Seba in C:\Users\Seba\OneDrive\Escritorio\Espacio de trabajo\jpa_tp_1\biblioteca)
2023-10-08T10:43:20.509-03:00  INFO 10900 --- [    Test worker] c.u.b.services.PersonaServicioImplTest   : No active profile set, falling back to 1 default profile: "default"
2023-10-08T10:43:20.943-03:00  INFO 10900 --- [    Test worker] .s.d.r.c.RepositoryConfigurationDelegate : Bootstrapping Spring Data JPA repositories in DEFAULT mode.
2023-10-08T10:43:21.000-03:00  INFO 10900 --- [    Test worker] .s.d.r.c.RepositoryConfigurationDelegate : Finished Spring Data repository scanning in 56 ms. Found 5 JPA repository interfaces.
2023-10-08T10:43:21.340-03:00  INFO 10900 --- [    Test worker] o.hibernate.jpa.internal.util.LogHelper  : HHH000204: Processing PersistenceUnitInfo [name: default]
2023-10-08T10:43:21.365-03:00  INFO 10900 --- [    Test worker] o.h.b.i.BytecodeProviderInitiator        : HHH000021: Bytecode provider name : bytebuddy
2023-10-08T10:43:21.365-03:00  INFO 10900 --- [    Test worker] o.s.o.j.p.SpringPersistenceUnitInfo      : No LoadTimeWeaver setup: ignoring JPA class transformer
2023-10-08T10:43:21.367-03:00  INFO 10900 --- [    Test worker] com.zaxxer.hikari.HikariDataSource       : HikariPool-3 - Starting...
2023-10-08T10:43:21.369-03:00  INFO 10900 --- [    Test worker] com.zaxxer.hikari.pool.HikariPool        : HikariPool-3 - Added connection conn24: url=jdbc:h2:mem:./betodb user=SA
2023-10-08T10:43:21.370-03:00  INFO 10900 --- [    Test worker] com.zaxxer.hikari.HikariDataSource       : HikariPool-3 - Start completed.
2023-10-08T10:43:21.414-03:00  INFO 10900 --- [    Test worker] o.h.b.i.BytecodeProviderInitiator        : HHH000021: Bytecode provider name : bytebuddy
2023-10-08T10:43:21.524-03:00  INFO 10900 --- [    Test worker] o.h.e.t.j.p.i.JtaPlatformInitiator       : HHH000490: Using JtaPlatform implementation: [org.hibernate.engine.transaction.jta.platform.internal.NoJtaPlatform]
2023-10-08T10:43:21.533-03:00  INFO 10900 --- [    Test worker] j.LocalContainerEntityManagerFactoryBean : Initialized JPA EntityManagerFactory for persistence unit 'default'
2023-10-08T10:43:21.738-03:00  WARN 10900 --- [    Test worker] JpaBaseConfiguration$JpaWebConfiguration : spring.jpa.open-in-view is enabled by default. Therefore, database queries may be performed during view rendering. Explicitly configure spring.jpa.open-in-view to disable this warning
2023-10-08T10:43:21.933-03:00  INFO 10900 --- [    Test worker] o.s.b.a.h2.H2ConsoleAutoConfiguration    : H2 console available at '/h2-console'. Database available at 'jdbc:h2:mem:./betodb'
2023-10-08T10:43:21.967-03:00  INFO 10900 --- [    Test worker] c.u.b.services.PersonaServicioImplTest   : Started PersonaServicioImplTest in 1.508 seconds (process running for 24.713)
]]></system-out>
  <system-err><![CDATA[]]></system-err>
</testsuite>
