<?xml version="1.0" encoding="UTF-8"?>
<testsuite name="com.utn.biblioteca.services.PersonaServicioImplTest" tests="1" skipped="0" failures="0" errors="0" timestamp="2023-10-08T14:00:09" hostname="LAPTOP-7JH2IT60" time="0.007">
  <properties/>
  <testcase name="testBuscarPorNombreJPQL()" classname="com.utn.biblioteca.services.PersonaServicioImplTest" time="0.007"/>
  <system-out><![CDATA[2023-10-08T11:00:07.719-03:00  INFO 11724 --- [    Test worker] t.c.s.AnnotationConfigContextLoaderUtils : Could not detect default configuration classes for test class [com.utn.biblioteca.services.PersonaServicioImplTest]: PersonaServicioImplTest does not declare any static, non-private, non-final, nested classes annotated with @Configuration.
2023-10-08T11:00:07.753-03:00  INFO 11724 --- [    Test worker] .b.t.c.SpringBootTestContextBootstrapper : Found @SpringBootConfiguration com.utn.biblioteca.BibliotecaApplication for test class com.utn.biblioteca.services.PersonaServicioImplTest

  .   ____          _            __ _ _
 /\\ / ___'_ __ _ _(_)_ __  __ _ \ \ \ \
( ( )\___ | '_ | '_| | '_ \/ _` | \ \ \ \
 \\/  ___)| |_)| | | | | || (_| |  ) ) ) )
  '  |____| .__|_| |_|_| |_\__, | / / / /
 =========|_|==============|___/=/_/_/_/
 :: Spring Boot ::                (v3.1.4)

2023-10-08T11:00:07.809-03:00  INFO 11724 --- [    Test worker] c.u.b.services.PersonaServicioImplTest   : Starting PersonaServicioImplTest using Java 18.0.1.1 with PID 11724 (started by Seba in C:\Users\Seba\OneDrive\Escritorio\Espacio de trabajo\jpa_tp_1\biblioteca)
2023-10-08T11:00:07.809-03:00  INFO 11724 --- [    Test worker] c.u.b.services.PersonaServicioImplTest   : No active profile set, falling back to 1 default profile: "default"
2023-10-08T11:00:08.234-03:00  INFO 11724 --- [    Test worker] .s.d.r.c.RepositoryConfigurationDelegate : Bootstrapping Spring Data JPA repositories in DEFAULT mode.
2023-10-08T11:00:08.276-03:00  INFO 11724 --- [    Test worker] .s.d.r.c.RepositoryConfigurationDelegate : Finished Spring Data repository scanning in 40 ms. Found 5 JPA repository interfaces.
2023-10-08T11:00:08.661-03:00  INFO 11724 --- [    Test worker] o.hibernate.jpa.internal.util.LogHelper  : HHH000204: Processing PersistenceUnitInfo [name: default]
2023-10-08T11:00:08.685-03:00  INFO 11724 --- [    Test worker] o.h.b.i.BytecodeProviderInitiator        : HHH000021: Bytecode provider name : bytebuddy
2023-10-08T11:00:08.685-03:00  INFO 11724 --- [    Test worker] o.s.o.j.p.SpringPersistenceUnitInfo      : No LoadTimeWeaver setup: ignoring JPA class transformer
2023-10-08T11:00:08.688-03:00  INFO 11724 --- [    Test worker] com.zaxxer.hikari.HikariDataSource       : HikariPool-3 - Starting...
2023-10-08T11:00:08.689-03:00  INFO 11724 --- [    Test worker] com.zaxxer.hikari.pool.HikariPool        : HikariPool-3 - Added connection conn24: url=jdbc:h2:mem:./betodb user=SA
2023-10-08T11:00:08.690-03:00  INFO 11724 --- [    Test worker] com.zaxxer.hikari.HikariDataSource       : HikariPool-3 - Start completed.
2023-10-08T11:00:08.733-03:00  INFO 11724 --- [    Test worker] o.h.b.i.BytecodeProviderInitiator        : HHH000021: Bytecode provider name : bytebuddy
2023-10-08T11:00:08.853-03:00  INFO 11724 --- [    Test worker] o.h.e.t.j.p.i.JtaPlatformInitiator       : HHH000490: Using JtaPlatform implementation: [org.hibernate.engine.transaction.jta.platform.internal.NoJtaPlatform]
2023-10-08T11:00:08.860-03:00  INFO 11724 --- [    Test worker] j.LocalContainerEntityManagerFactoryBean : Initialized JPA EntityManagerFactory for persistence unit 'default'
2023-10-08T11:00:09.098-03:00  WARN 11724 --- [    Test worker] JpaBaseConfiguration$JpaWebConfiguration : spring.jpa.open-in-view is enabled by default. Therefore, database queries may be performed during view rendering. Explicitly configure spring.jpa.open-in-view to disable this warning
2023-10-08T11:00:09.282-03:00  INFO 11724 --- [    Test worker] o.s.b.a.h2.H2ConsoleAutoConfiguration    : H2 console available at '/h2-console'. Database available at 'jdbc:h2:mem:./betodb'
2023-10-08T11:00:09.319-03:00  INFO 11724 --- [    Test worker] c.u.b.services.PersonaServicioImplTest   : Started PersonaServicioImplTest in 1.558 seconds (process running for 25.302)
]]></system-out>
  <system-err><![CDATA[]]></system-err>
</testsuite>
