<?xml version="1.0" encoding="UTF-8"?>
<testsuite name="com.utn.biblioteca.controllers.PersonaControladorTest" tests="1" skipped="0" failures="0" errors="0" timestamp="2023-10-08T14:00:02" hostname="LAPTOP-7JH2IT60" time="0.633">
  <properties/>
  <testcase name="testBuscarPorNombreJPQL()" classname="com.utn.biblioteca.controllers.PersonaControladorTest" time="0.633"/>
  <system-out><![CDATA[2023-10-08T11:00:01.723-03:00  INFO 11724 --- [    Test worker] t.c.s.AnnotationConfigContextLoaderUtils : Could not detect default configuration classes for test class [com.utn.biblioteca.controllers.PersonaControladorTest]: PersonaControladorTest does not declare any static, non-private, non-final, nested classes annotated with @Configuration.
2023-10-08T11:00:01.779-03:00  INFO 11724 --- [    Test worker] .b.t.c.SpringBootTestContextBootstrapper : Found @SpringBootConfiguration com.utn.biblioteca.BibliotecaApplication for test class com.utn.biblioteca.controllers.PersonaControladorTest

  .   ____          _            __ _ _
 /\\ / ___'_ __ _ _(_)_ __  __ _ \ \ \ \
( ( )\___ | '_ | '_| | '_ \/ _` | \ \ \ \
 \\/  ___)| |_)| | | | | || (_| |  ) ) ) )
  '  |____| .__|_| |_|_| |_\__, | / / / /
 =========|_|==============|___/=/_/_/_/
 :: Spring Boot ::                (v3.1.4)

2023-10-08T11:00:01.836-03:00  INFO 11724 --- [    Test worker] c.u.b.c.PersonaControladorTest           : Starting PersonaControladorTest using Java 18.0.1.1 with PID 11724 (started by Seba in C:\Users\Seba\OneDrive\Escritorio\Espacio de trabajo\jpa_tp_1\biblioteca)
2023-10-08T11:00:01.837-03:00  INFO 11724 --- [    Test worker] c.u.b.c.PersonaControladorTest           : No active profile set, falling back to 1 default profile: "default"
2023-10-08T11:00:02.858-03:00  INFO 11724 --- [    Test worker] o.s.b.t.m.w.SpringBootMockServletContext : Initializing Spring TestDispatcherServlet ''
2023-10-08T11:00:02.858-03:00  INFO 11724 --- [    Test worker] o.s.t.web.servlet.TestDispatcherServlet  : Initializing Servlet ''
2023-10-08T11:00:02.875-03:00  INFO 11724 --- [    Test worker] o.s.t.web.servlet.TestDispatcherServlet  : Completed initialization in 2 ms
2023-10-08T11:00:02.906-03:00  INFO 11724 --- [    Test worker] c.u.b.c.PersonaControladorTest           : Started PersonaControladorTest in 1.121 seconds (process running for 18.889)
]]></system-out>
  <system-err><![CDATA[]]></system-err>
</testsuite>
