<?xml version="1.0" encoding="UTF-8"?>
<testsuite name="com.utn.biblioteca.controllers.PersonaControladorTest" tests="1" skipped="0" failures="0" errors="0" timestamp="2023-10-08T13:43:15" hostname="LAPTOP-7JH2IT60" time="0.644">
  <properties/>
  <testcase name="testBuscarPorNombreJPQL()" classname="com.utn.biblioteca.controllers.PersonaControladorTest" time="0.644"/>
  <system-out><![CDATA[2023-10-08T10:43:13.984-03:00  INFO 10900 --- [    Test worker] t.c.s.AnnotationConfigContextLoaderUtils : Could not detect default configuration classes for test class [com.utn.biblioteca.controllers.PersonaControladorTest]: PersonaControladorTest does not declare any static, non-private, non-final, nested classes annotated with @Configuration.
2023-10-08T10:43:14.047-03:00  INFO 10900 --- [    Test worker] .b.t.c.SpringBootTestContextBootstrapper : Found @SpringBootConfiguration com.utn.biblioteca.BibliotecaApplication for test class com.utn.biblioteca.controllers.PersonaControladorTest

  .   ____          _            __ _ _
 /\\ / ___'_ __ _ _(_)_ __  __ _ \ \ \ \
( ( )\___ | '_ | '_| | '_ \/ _` | \ \ \ \
 \\/  ___)| |_)| | | | | || (_| |  ) ) ) )
  '  |____| .__|_| |_|_| |_\__, | / / / /
 =========|_|==============|___/=/_/_/_/
 :: Spring Boot ::                (v3.1.4)

2023-10-08T10:43:14.107-03:00  INFO 10900 --- [    Test worker] c.u.b.c.PersonaControladorTest           : Starting PersonaControladorTest using Java 18.0.1.1 with PID 10900 (started by Seba in C:\Users\Seba\OneDrive\Escritorio\Espacio de trabajo\jpa_tp_1\biblioteca)
2023-10-08T10:43:14.108-03:00  INFO 10900 --- [    Test worker] c.u.b.c.PersonaControladorTest           : No active profile set, falling back to 1 default profile: "default"
2023-10-08T10:43:15.215-03:00  INFO 10900 --- [    Test worker] o.s.b.t.m.w.SpringBootMockServletContext : Initializing Spring TestDispatcherServlet ''
2023-10-08T10:43:15.216-03:00  INFO 10900 --- [    Test worker] o.s.t.web.servlet.TestDispatcherServlet  : Initializing Servlet ''
2023-10-08T10:43:15.237-03:00  INFO 10900 --- [    Test worker] o.s.t.web.servlet.TestDispatcherServlet  : Completed initialization in 3 ms
2023-10-08T10:43:15.281-03:00  INFO 10900 --- [    Test worker] c.u.b.c.PersonaControladorTest           : Started PersonaControladorTest in 1.226 seconds (process running for 18.026)
]]></system-out>
  <system-err><![CDATA[]]></system-err>
</testsuite>
