<?xml version="1.0" encoding="UTF-8"?>
<testsuite name="com.utn.biblioteca.repositories.PersonaRepositorioTest" tests="1" skipped="0" failures="0" errors="0" timestamp="2023-10-08T14:00:07" hostname="LAPTOP-7JH2IT60" time="0.054">
  <properties/>
  <testcase name="testBuscarPorNombreJPQL()" classname="com.utn.biblioteca.repositories.PersonaRepositorioTest" time="0.054"/>
  <system-out><![CDATA[2023-10-08T11:00:06.608-03:00  INFO 11724 --- [    Test worker] t.c.s.AnnotationConfigContextLoaderUtils : Could not detect default configuration classes for test class [com.utn.biblioteca.repositories.PersonaRepositorioTest]: PersonaRepositorioTest does not declare any static, non-private, non-final, nested classes annotated with @Configuration.
2023-10-08T11:00:06.657-03:00  INFO 11724 --- [    Test worker] .b.t.c.SpringBootTestContextBootstrapper : Found @SpringBootConfiguration com.utn.biblioteca.BibliotecaApplication for test class com.utn.biblioteca.repositories.PersonaRepositorioTest

  .   ____          _            __ _ _
 /\\ / ___'_ __ _ _(_)_ __  __ _ \ \ \ \
( ( )\___ | '_ | '_| | '_ \/ _` | \ \ \ \
 \\/  ___)| |_)| | | | | || (_| |  ) ) ) )
  '  |____| .__|_| |_|_| |_\__, | / / / /
 =========|_|==============|___/=/_/_/_/
 :: Spring Boot ::                (v3.1.4)

2023-10-08T11:00:06.719-03:00  INFO 11724 --- [    Test worker] c.u.b.r.PersonaRepositorioTest           : Starting PersonaRepositorioTest using Java 18.0.1.1 with PID 11724 (started by Seba in C:\Users\Seba\OneDrive\Escritorio\Espacio de trabajo\jpa_tp_1\biblioteca)
2023-10-08T11:00:06.719-03:00  INFO 11724 --- [    Test worker] c.u.b.r.PersonaRepositorioTest           : No active profile set, falling back to 1 default profile: "default"
2023-10-08T11:00:06.879-03:00  INFO 11724 --- [    Test worker] .s.d.r.c.RepositoryConfigurationDelegate : Bootstrapping Spring Data JPA repositories in DEFAULT mode.
2023-10-08T11:00:06.917-03:00  INFO 11724 --- [    Test worker] .s.d.r.c.RepositoryConfigurationDelegate : Finished Spring Data repository scanning in 37 ms. Found 5 JPA repository interfaces.
2023-10-08T11:00:06.936-03:00  INFO 11724 --- [    Test worker] beddedDataSourceBeanFactoryPostProcessor : Replacing 'dataSource' DataSource bean with embedded version
2023-10-08T11:00:06.985-03:00  INFO 11724 --- [    Test worker] o.s.j.d.e.EmbeddedDatabaseFactory        : Starting embedded database: url='jdbc:h2:mem:6702e3f7-9081-4a28-90ba-dfdf388be57f;DB_CLOSE_DELAY=-1;DB_CLOSE_ON_EXIT=false', username='sa'
2023-10-08T11:00:07.060-03:00  INFO 11724 --- [    Test worker] o.hibernate.jpa.internal.util.LogHelper  : HHH000204: Processing PersistenceUnitInfo [name: default]
2023-10-08T11:00:07.097-03:00  INFO 11724 --- [    Test worker] o.h.b.i.BytecodeProviderInitiator        : HHH000021: Bytecode provider name : bytebuddy
2023-10-08T11:00:07.099-03:00  INFO 11724 --- [    Test worker] o.s.o.j.p.SpringPersistenceUnitInfo      : No LoadTimeWeaver setup: ignoring JPA class transformer
2023-10-08T11:00:07.215-03:00  INFO 11724 --- [    Test worker] o.h.b.i.BytecodeProviderInitiator        : HHH000021: Bytecode provider name : bytebuddy
2023-10-08T11:00:07.408-03:00  INFO 11724 --- [    Test worker] o.h.e.t.j.p.i.JtaPlatformInitiator       : HHH000490: Using JtaPlatform implementation: [org.hibernate.engine.transaction.jta.platform.internal.NoJtaPlatform]
Hibernate: create table autor (id bigint generated by default as identity, apellido varchar(255), biografia varchar(255), nombre varchar(255), primary key (id))
Hibernate: create table domicilio (id bigint generated by default as identity, calle varchar(255), numero integer, id_localidad bigint, primary key (id))
Hibernate: create table libro (id bigint generated by default as identity, fecha integer, genero varchar(255), paginas integer, titulo varchar(255), id_persona bigint, primary key (id))
Hibernate: create table libro_autor (id_libro bigint not null, id_autor bigint not null)
Hibernate: create table localidad (id bigint generated by default as identity, denominacion varchar(255), primary key (id))
Hibernate: create table persona (id bigint generated by default as identity, apellido varchar(255), dni integer, nombre varchar(255), id_domicilio bigint, primary key (id))
Hibernate: alter table if exists persona drop constraint if exists UK_oneaeif3al91rfwiwrlapy1uc
Hibernate: alter table if exists persona add constraint UK_oneaeif3al91rfwiwrlapy1uc unique (id_domicilio)
Hibernate: alter table if exists domicilio add constraint FKqrmmkejvimmve55527wv6ujtr foreign key (id_localidad) references localidad
Hibernate: alter table if exists libro add constraint FKo778ccbr4shgypka9wqbkx5xb foreign key (id_persona) references persona
Hibernate: alter table if exists libro_autor add constraint FKjayuqybgpxt8vuasqdueh9hj1 foreign key (id_autor) references autor
Hibernate: alter table if exists libro_autor add constraint FKnmunvv424dlmlolmddpj7edjd foreign key (id_libro) references libro
Hibernate: alter table if exists persona add constraint FKk7mhrlqj0vul6eopsww3wbh5f foreign key (id_domicilio) references domicilio
2023-10-08T11:00:07.448-03:00  INFO 11724 --- [    Test worker] j.LocalContainerEntityManagerFactoryBean : Initialized JPA EntityManagerFactory for persistence unit 'default'
2023-10-08T11:00:07.653-03:00  INFO 11724 --- [    Test worker] c.u.b.r.PersonaRepositorioTest           : Started PersonaRepositorioTest in 0.984 seconds (process running for 23.635)
Hibernate: insert into persona (apellido,dni,id_domicilio,nombre,id) values (?,?,?,?,default)
Hibernate: insert into libro (fecha,genero,paginas,titulo,id) values (?,?,?,?,default)
Hibernate: update libro set id_persona=? where id=?
Hibernate: select p1_0.id,p1_0.apellido,p1_0.dni,p1_0.id_domicilio,p1_0.nombre from persona p1_0 where p1_0.nombre like ? escape '' offset ? rows fetch first ? rows only
]]></system-out>
  <system-err><![CDATA[]]></system-err>
</testsuite>
