<?xml version="1.0" encoding="UTF-8"?>
<testsuite name="com.utn.biblioteca.integration.PersonaControladorIntegracion" tests="1" skipped="0" failures="0" errors="0" timestamp="2023-10-08T13:43:18" hostname="LAPTOP-7JH2IT60" time="0.516">
  <properties/>
  <testcase name="testBuscarPorNombreJPQL()" classname="com.utn.biblioteca.integration.PersonaControladorIntegracion" time="0.516"/>
  <system-out><![CDATA[
  .   ____          _            __ _ _
 /\\ / ___'_ __ _ _(_)_ __  __ _ \ \ \ \
( ( )\___ | '_ | '_| | '_ \/ _` | \ \ \ \
 \\/  ___)| |_)| | | | | || (_| |  ) ) ) )
  '  |____| .__|_| |_|_| |_\__, | / / / /
 =========|_|==============|___/=/_/_/_/
 :: Spring Boot ::                (v3.1.4)

2023-10-08T10:43:16.095-03:00  INFO 10900 --- [    Test worker] c.u.b.i.PersonaControladorIntegracion    : Starting PersonaControladorIntegracion using Java 18.0.1.1 with PID 10900 (started by Seba in C:\Users\Seba\OneDrive\Escritorio\Espacio de trabajo\jpa_tp_1\biblioteca)
2023-10-08T10:43:16.096-03:00  INFO 10900 --- [    Test worker] c.u.b.i.PersonaControladorIntegracion    : No active profile set, falling back to 1 default profile: "default"
2023-10-08T10:43:16.878-03:00  INFO 10900 --- [    Test worker] .s.d.r.c.RepositoryConfigurationDelegate : Bootstrapping Spring Data JPA repositories in DEFAULT mode.
2023-10-08T10:43:16.956-03:00  INFO 10900 --- [    Test worker] .s.d.r.c.RepositoryConfigurationDelegate : Finished Spring Data repository scanning in 77 ms. Found 5 JPA repository interfaces.
2023-10-08T10:43:17.186-03:00  INFO 10900 --- [    Test worker] o.hibernate.jpa.internal.util.LogHelper  : HHH000204: Processing PersistenceUnitInfo [name: default]
2023-10-08T10:43:17.208-03:00  INFO 10900 --- [    Test worker] o.h.b.i.BytecodeProviderInitiator        : HHH000021: Bytecode provider name : bytebuddy
2023-10-08T10:43:17.209-03:00  INFO 10900 --- [    Test worker] o.s.o.j.p.SpringPersistenceUnitInfo      : No LoadTimeWeaver setup: ignoring JPA class transformer
2023-10-08T10:43:17.214-03:00  INFO 10900 --- [    Test worker] com.zaxxer.hikari.HikariDataSource       : HikariPool-2 - Starting...
2023-10-08T10:43:17.217-03:00  INFO 10900 --- [    Test worker] com.zaxxer.hikari.pool.HikariPool        : HikariPool-2 - Added connection conn10: url=jdbc:h2:mem:./betodb user=SA
2023-10-08T10:43:17.218-03:00  INFO 10900 --- [    Test worker] com.zaxxer.hikari.HikariDataSource       : HikariPool-2 - Start completed.
2023-10-08T10:43:17.281-03:00  INFO 10900 --- [    Test worker] o.h.b.i.BytecodeProviderInitiator        : HHH000021: Bytecode provider name : bytebuddy
2023-10-08T10:43:17.707-03:00  INFO 10900 --- [    Test worker] o.h.e.t.j.p.i.JtaPlatformInitiator       : HHH000490: Using JtaPlatform implementation: [org.hibernate.engine.transaction.jta.platform.internal.NoJtaPlatform]
2023-10-08T10:43:17.774-03:00  INFO 10900 --- [    Test worker] j.LocalContainerEntityManagerFactoryBean : Initialized JPA EntityManagerFactory for persistence unit 'default'
2023-10-08T10:43:18.439-03:00  WARN 10900 --- [    Test worker] JpaBaseConfiguration$JpaWebConfiguration : spring.jpa.open-in-view is enabled by default. Therefore, database queries may be performed during view rendering. Explicitly configure spring.jpa.open-in-view to disable this warning
2023-10-08T10:43:18.690-03:00  INFO 10900 --- [    Test worker] o.s.b.a.h2.H2ConsoleAutoConfiguration    : H2 console available at '/h2-console'. Database available at 'jdbc:h2:mem:./betodb'
2023-10-08T10:43:18.718-03:00  INFO 10900 --- [    Test worker] o.s.b.t.m.w.SpringBootMockServletContext : Initializing Spring TestDispatcherServlet ''
2023-10-08T10:43:18.718-03:00  INFO 10900 --- [    Test worker] o.s.t.web.servlet.TestDispatcherServlet  : Initializing Servlet ''
2023-10-08T10:43:18.720-03:00  INFO 10900 --- [    Test worker] o.s.t.web.servlet.TestDispatcherServlet  : Completed initialization in 2 ms
2023-10-08T10:43:18.750-03:00  INFO 10900 --- [    Test worker] c.u.b.i.PersonaControladorIntegracion    : Started PersonaControladorIntegracion in 2.745 seconds (process running for 21.495)
Hibernate: insert into persona (apellido,dni,id_domicilio,nombre,id) values (?,?,?,?,default)
Hibernate: insert into libro (fecha,genero,paginas,titulo,id) values (?,?,?,?,default)
Hibernate: update libro set id_persona=? where id=?
Hibernate: select p1_0.id,p1_0.apellido,p1_0.dni,p1_0.id_domicilio,p1_0.nombre from persona p1_0 where p1_0.nombre like ? escape '' offset ? rows fetch first ? rows only
Hibernate: select l1_0.id_persona,l1_0.id,l1_0.fecha,l1_0.genero,l1_0.paginas,l1_0.titulo from libro l1_0 where l1_0.id_persona=?
Hibernate: select a1_0.id_libro,a1_1.id,a1_1.apellido,a1_1.biografia,a1_1.nombre from libro_autor a1_0 join autor a1_1 on a1_1.id=a1_0.id_autor where a1_0.id_libro=?
]]></system-out>
  <system-err><![CDATA[]]></system-err>
</testsuite>
